0 info it worked if it ends with ok
1 verbose cli [ 'C:\\Program Files\\nodejs\\\\node.exe',
1 verbose cli   'C:\\Program Files\\nodejs\\node_modules\\npm\\bin\\npm-cli.js',
1 verbose cli   'install',
1 verbose cli   'php5-lib' ]
2 info using npm@1.3.5
3 info using node@v0.10.15
4 verbose node symlink C:\Program Files\nodejs\\node.exe
5 verbose cache add [ 'php5-lib', null ]
6 verbose cache add name=undefined spec="php5-lib" args=["php5-lib",null]
7 verbose parsed url { protocol: null,
7 verbose parsed url   slashes: null,
7 verbose parsed url   auth: null,
7 verbose parsed url   host: null,
7 verbose parsed url   port: null,
7 verbose parsed url   hostname: null,
7 verbose parsed url   hash: null,
7 verbose parsed url   search: null,
7 verbose parsed url   query: null,
7 verbose parsed url   pathname: 'php5-lib',
7 verbose parsed url   path: 'php5-lib',
7 verbose parsed url   href: 'php5-lib' }
8 silly lockFile 0b056d05-php5-lib php5-lib
9 verbose lock php5-lib C:\Users\Leon\AppData\Roaming\npm-cache\0b056d05-php5-lib.lock
10 silly lockFile 0b056d05-php5-lib php5-lib
11 silly lockFile 0b056d05-php5-lib php5-lib
12 verbose addNamed [ 'php5-lib', '' ]
13 verbose addNamed [ null, '*' ]
14 silly lockFile af09e61d-php5-lib php5-lib@
15 verbose lock php5-lib@ C:\Users\Leon\AppData\Roaming\npm-cache\af09e61d-php5-lib.lock
16 silly addNameRange { name: 'php5-lib', range: '*', hasData: false }
17 verbose url raw php5-lib
18 verbose url resolving [ 'https://registry.npmjs.org/', './php5-lib' ]
19 verbose url resolved https://registry.npmjs.org/php5-lib
20 info trying registry request attempt 1 at 14:29:47
21 http GET https://registry.npmjs.org/php5-lib
22 http 404 https://registry.npmjs.org/php5-lib
23 silly registry.get cb [ 404,
23 silly registry.get   { server: 'CouchDB/1.3.0 (Erlang OTP/R15B03)',
23 silly registry.get     date: 'Fri, 09 Aug 2013 18:29:56 GMT',
23 silly registry.get     'content-type': 'application/json',
23 silly registry.get     'content-length': '52',
23 silly registry.get     'cache-control': 'must-revalidate' } ]
24 silly lockFile af09e61d-php5-lib php5-lib@
25 silly lockFile af09e61d-php5-lib php5-lib@
26 error 404 'php5-lib' is not in the npm registry.
26 error 404 You should bug the author to publish it
26 error 404
26 error 404 Note that you can also install from a
26 error 404 tarball, folder, or http url, or git url.
27 error System Windows_NT 6.1.7601
28 error command "C:\\Program Files\\nodejs\\\\node.exe" "C:\\Program Files\\nodejs\\node_modules\\npm\\bin\\npm-cli.js" "install" "php5-lib"
29 error cwd C:\Users\Leon\Desktop\webpage\formGenerator
30 error node -v v0.10.15
31 error npm -v 1.3.5
32 error code E404
33 verbose exit [ 1, true ]
